C51 COMPILER V9.60.7.0   USB                                                               11/04/2025 20:24:44 PAGE 1   


C51 COMPILER V9.60.7.0, COMPILATION OF MODULE USB
OBJECT MODULE PLACED IN .\Objects\USB.obj
COMPILER INVOKED BY: C:\Users\argha\Desktop\testing\C51\BIN\C51.EXE USB.c OPTIMIZE(8,SPEED) BROWSE DEBUG OBJECTEXTEND PR
                    -INT(.\Listings\USB.lst) TABS(2) OBJECT(.\Objects\USB.obj)

line level    source

   1          /* AT89S52 UART receiver: control LED on P0.3
   2             Crystal: 11.0592 MHz
   3             Baud: 9600
   4          */
   5          
   6          #include <reg52.h>
   7          
   8          sbit LED = P0^3;  // LED connected to P0.3
   9          
  10          void UART_Init(void) {
  11   1          SCON = 0x50;  // mode 1: 8-bit UART, REN=1
  12   1          TMOD &= 0x0F; // clear upper nibble
  13   1          TMOD |= 0x20; // Timer1 mode 2 (auto-reload)
  14   1          TH1 = 0xFD;   // for 9600 baud @ 11.0592MHz
  15   1          TR1 = 1;      // start timer1
  16   1      }
  17          
  18          void UART_SendChar(char c) {
  19   1          SBUF = c;
  20   1          while (!TI);
  21   1          TI = 0;
  22   1      }
  23          
  24          void main(void) {
  25   1          char received;
  26   1          UART_Init();
  27   1          LED = 0; // LED off initially
  28   1      
  29   1          while (1) {
  30   2              if (RI) {
  31   3                  RI = 0;
  32   3                  received = SBUF;
  33   3                  if (received == '1') {
  34   4                      LED = 1;  // turn LED ON
  35   4                      UART_SendChar('O'); // optional feedback
  36   4                  } else if (received == '0') {
  37   4                      LED = 0;  // turn LED OFF
  38   4                      UART_SendChar('F'); // optional feedback
  39   4                  }
  40   3              }
  41   2          }
  42   1      }


MODULE INFORMATION:   STATIC OVERLAYABLE
   CODE SIZE        =     59    ----
   CONSTANT SIZE    =   ----    ----
   XDATA SIZE       =   ----    ----
   PDATA SIZE       =   ----    ----
   DATA SIZE        =   ----    ----
   IDATA SIZE       =   ----    ----
   BIT SIZE         =   ----    ----
END OF MODULE INFORMATION.


C51 COMPILATION COMPLETE.  0 WARNING(S),  0 ERROR(S)
